{"level":"info","ts":"2022-05-31T17:45:54.436+0800","caller":"logger/logger.go:46","msg":"init logger success!"}
{"level":"debug","ts":"2022-05-31T17:45:54.437+0800","caller":"mydouyin/main.go:30","msg":"init logger success!"}
{"level":"error","ts":"2022-05-31T17:45:54.489+0800","caller":"mydouyin/main.go:34","msg":"init mysql failed...","error":"Error 1045: Access denied for user 'debian-sys-maint'@'localhost' (using password: YES)"}
{"level":"info","ts":"2022-05-31T18:06:21.951+0800","caller":"logger/logger.go:46","msg":"init logger success!"}
{"level":"debug","ts":"2022-05-31T18:06:21.952+0800","caller":"mydouyin/main.go:30","msg":"init logger success!"}
{"level":"error","ts":"2022-05-31T18:06:21.963+0800","caller":"mydouyin/main.go:34","msg":"init mysql failed...","error":"Error 1045: Access denied for user 'debian-sys-maint'@'localhost' (using password: YES)"}
{"level":"info","ts":"2022-06-13T11:13:25.479+0800","caller":"logger/logger.go:45","msg":"init logger success!"}
{"level":"debug","ts":"2022-06-13T11:13:25.481+0800","caller":"bak/main.go:32","msg":"init logger success!"}
{"level":"debug","ts":"2022-06-13T11:13:25.647+0800","caller":"bak/main.go:39","msg":"init mysql success"}
{"level":"error","ts":"2022-06-13T11:13:25.714+0800","caller":"bak/main.go:43","msg":"init redis failed...","error":"dial tcp 127.0.0.1:0: connect: connection refused"}
{"level":"info","ts":"2022-06-13T11:18:48.710+0800","caller":"logger/logger.go:45","msg":"init logger success!"}
{"level":"debug","ts":"2022-06-13T11:18:48.713+0800","caller":"bak/main.go:32","msg":"init logger success!"}
{"level":"debug","ts":"2022-06-13T11:18:48.809+0800","caller":"bak/main.go:39","msg":"init mysql success"}
{"level":"error","ts":"2022-06-13T11:18:48.876+0800","caller":"bak/main.go:43","msg":"init redis failed...","error":"dial tcp 127.0.0.1:0: connect: connection refused"}
{"level":"info","ts":"2022-06-13T11:19:22.467+0800","caller":"logger/logger.go:45","msg":"init logger success!"}
{"level":"debug","ts":"2022-06-13T11:19:22.469+0800","caller":"bak/main.go:32","msg":"init logger success!"}
{"level":"debug","ts":"2022-06-13T11:19:22.566+0800","caller":"bak/main.go:39","msg":"init mysql success"}
{"level":"error","ts":"2022-06-13T11:19:22.633+0800","caller":"bak/main.go:43","msg":"init redis failed...","error":"dial tcp 127.0.0.1:0: connect: connection refused"}
{"level":"info","ts":"2022-06-13T11:19:38.056+0800","caller":"logger/logger.go:45","msg":"init logger success!"}
{"level":"debug","ts":"2022-06-13T11:19:38.059+0800","caller":"bak/main.go:32","msg":"init logger success!"}
{"level":"debug","ts":"2022-06-13T11:19:38.130+0800","caller":"bak/main.go:39","msg":"init mysql success"}
{"level":"error","ts":"2022-06-13T11:19:38.198+0800","caller":"bak/main.go:43","msg":"init redis failed...","error":"dial tcp 127.0.0.1:0: connect: connection refused"}
{"level":"info","ts":"2022-06-13T11:19:47.584+0800","caller":"logger/logger.go:45","msg":"init logger success!"}
{"level":"debug","ts":"2022-06-13T11:19:47.586+0800","caller":"bak/main.go:32","msg":"init logger success!"}
{"level":"debug","ts":"2022-06-13T11:19:47.669+0800","caller":"bak/main.go:39","msg":"init mysql success"}
{"level":"error","ts":"2022-06-13T11:19:47.735+0800","caller":"bak/main.go:43","msg":"init redis failed...","error":"dial tcp 127.0.0.1:0: connect: connection refused"}
{"level":"info","ts":"2022-06-13T11:20:23.281+0800","caller":"logger/logger.go:45","msg":"init logger success!"}
{"level":"debug","ts":"2022-06-13T11:20:23.283+0800","caller":"bak/main.go:32","msg":"init logger success!"}
{"level":"debug","ts":"2022-06-13T11:20:23.367+0800","caller":"bak/main.go:39","msg":"init mysql success"}
{"level":"error","ts":"2022-06-13T11:20:23.433+0800","caller":"bak/main.go:43","msg":"init redis failed...","error":"dial tcp 127.0.0.1:0: connect: connection refused"}
{"level":"info","ts":"2022-06-13T11:21:59.674+0800","caller":"logger/logger.go:45","msg":"init logger success!"}
{"level":"debug","ts":"2022-06-13T11:21:59.675+0800","caller":"bak/main.go:32","msg":"init logger success!"}
{"level":"debug","ts":"2022-06-13T11:21:59.738+0800","caller":"bak/main.go:39","msg":"init mysql success"}
{"level":"debug","ts":"2022-06-13T11:21:59.740+0800","caller":"bak/main.go:46","msg":"init redis success"}
{"level":"debug","ts":"2022-06-13T11:21:59.740+0800","caller":"bak/main.go:56","msg":"Finish loading configuration file"}
{"level":"error","ts":"2022-06-13T11:21:59.740+0800","caller":"bak/main.go:76","msg":"start route failed...","error":"listen tcp :8000: bind: address already in use"}
{"level":"info","ts":"2022-06-13T11:22:27.485+0800","caller":"logger/logger.go:45","msg":"init logger success!"}
{"level":"debug","ts":"2022-06-13T11:22:27.486+0800","caller":"bak/main.go:32","msg":"init logger success!"}
{"level":"debug","ts":"2022-06-13T11:22:27.514+0800","caller":"bak/main.go:39","msg":"init mysql success"}
{"level":"debug","ts":"2022-06-13T11:22:27.515+0800","caller":"bak/main.go:46","msg":"init redis success"}
{"level":"debug","ts":"2022-06-13T11:22:27.515+0800","caller":"bak/main.go:56","msg":"Finish loading configuration file"}
